#
# A fatal error has been detected by the Java Runtime Environment:
#
#  EXCEPTION_ACCESS_VIOLATION (0xc0000005) at pc=0x000000006b597b8d, pid=12420, tid=0x0000000000002ca4
#
# JRE version: Java(TM) SE Runtime Environment (8.0_221-b11) (build 1.8.0_221-b11)
# Java VM: Java HotSpot(TM) 64-Bit Server VM (25.221-b11 mixed mode windows-amd64 compressed oops)
# Problematic frame:
# V  [jvm.dll+0xf7b8d]
#
# Failed to write core dump. Minidumps are not enabled by default on client versions of Windows
#
# If you would like to submit a bug report, please visit:
#   http://bugreport.java.com/bugreport/crash.jsp
#

---------------  T H R E A D  ---------------

Current thread (0x0000000015827800):  VMThread [stack: 0x00000000168c0000,0x00000000169c0000] [id=11428]

siginfo: ExceptionCode=0xc0000005, reading address 0x0000000000000010

Registers:
RAX=0x00000000000000ff, RBX=0x0000000000000000, RCX=0x0000000000000000, RDX=0x000000001e966128
RSP=0x00000000169bf400, RBP=0x00000000169bf530, RSI=0x000000000000003b, RDI=0x000000001e9657e8
R8 =0x00000000031a3910, R9 =0x0000000000000003, R10=0x0000000000000003, R11=0x000000001e965f2d
R12=0x00000000169bf5c0, R13=0x00000000169bf5b0, R14=0x0000000000000000, R15=0x0000000000000000
RIP=0x000000006b597b8d, EFLAGS=0x0000000000010202

Top of Stack: (sp=0x00000000169bf400)
0x00000000169bf400:   00000000000000b9 00000000169bf530
0x00000000169bf410:   00000000000000b9 00000000169bf5d0
0x00000000169bf420:   0000000000000009 000000006b675270
0x00000000169bf430:   0000000000000000 00000000000000b9
0x00000000169bf440:   0000000000000000 000000001c2b2f10
0x00000000169bf450:   0000000003b57878 0000000003b576fc
0x00000000169bf460:   0000000003b57758 000000006b7a1c2e
0x00000000169bf470:   0000000003b57877 00000000169b000a
0x00000000169bf480:   00000000169bf478 000000006b010000
0x00000000169bf490:   0000000003b57760 000000006b53196d
0x00000000169bf4a0:   000094a768444756 0000000003b57760
0x00000000169bf4b0:   000094a7684440a6 000000001c2b3d20
0x00000000169bf4c0:   00000000032c61a0 000000006b534625
0x00000000169bf4d0:   0000000015826ca0 000000006b53fb3e
0x00000000169bf4e0:   000000001c2baef8 0000000000000218
0x00000000169bf4f0:   000000001a546c30 0000000000000000 

Instructions: (pc=0x000000006b597b8d)
0x000000006b597b6d:   0f b7 d8 48 63 c3 0f b7 44 c7 50 48 8b 44 c7 50
0x000000006b597b7d:   48 89 44 24 30 f6 d0 48 8b 4c 24 30 a8 01 74 0f
0x000000006b597b8d:   48 8b 41 10 48 8b 5c 24 38 48 83 c4 20 5f c3 48
0x000000006b597b9d:   8b 5c 24 38 48 83 e1 fe 48 8b c1 48 83 c4 20 5f 


Register to memory mapping:

RAX=0x00000000000000ff is an unknown value
RBX=0x0000000000000000 is an unknown value
RCX=0x0000000000000000 is an unknown value
RDX=0x000000001e966128 is pointing into metadata
RSP=0x00000000169bf400 is an unknown value
RBP=0x00000000169bf530 is an unknown value
RSI=0x000000000000003b is an unknown value
RDI=0x000000001e9657e8 is pointing into metadata
R8 =0x00000000031a3910 is an unknown value
R9 =0x0000000000000003 is an unknown value
R10=0x0000000000000003 is an unknown value
R11=0x000000001e965f2d is pointing into metadata
R12=0x00000000169bf5c0 is an unknown value
R13=0x00000000169bf5b0 is an unknown value
R14=0x0000000000000000 is an unknown value
R15=0x0000000000000000 is an unknown value


Stack: [0x00000000168c0000,0x00000000169c0000],  sp=0x00000000169bf400,  free space=1021k
Native frames: (J=compiled Java code, j=interpreted, Vv=VM code, C=native code)
V  [jvm.dll+0xf7b8d]
V  [jvm.dll+0x1d5270]
V  [jvm.dll+0x1d61c2]
V  [jvm.dll+0x1c3ac4]
V  [jvm.dll+0x1c8c57]
V  [jvm.dll+0x1c91cb]
V  [jvm.dll+0x24d517]
V  [jvm.dll+0x24c7b6]
V  [jvm.dll+0x24cc51]
V  [jvm.dll+0x24ce6e]
V  [jvm.dll+0x29fb8a]
C  [msvcr100.dll+0x21d9f]
C  [msvcr100.dll+0x21e3b]
C  [KERNEL32.DLL+0x17bd4]
C  [ntdll.dll+0x6ced1]

VM_Operation (0x00000000172ff420): RedefineClasses, mode: safepoint, requested by thread 0x0000000015878800, redefining class com.dream.app.controller.DreamPostController



---------------  P R O C E S S  ---------------

Java Threads: ( => current thread )
  0x0000000019e6c000 JavaThread "DestroyJavaVM" [_thread_blocked, id=11320, stack(0x0000000003080000,0x0000000003180000)]
  0x0000000019e66000 JavaThread "http-nio-8080-Acceptor" daemon [_thread_in_native, id=16044, stack(0x000000001e2e0000,0x000000001e3e0000)]
  0x0000000019e6d000 JavaThread "http-nio-8080-ClientPoller" daemon [_thread_in_native, id=12612, stack(0x000000001e1e0000,0x000000001e2e0000)]
  0x0000000019e6a000 JavaThread "http-nio-8080-exec-10" daemon [_thread_blocked, id=12772, stack(0x000000001e0e0000,0x000000001e1e0000)]
  0x0000000019e65800 JavaThread "http-nio-8080-exec-9" daemon [_thread_blocked, id=14500, stack(0x000000001dfe0000,0x000000001e0e0000)]
  0x0000000019f29000 JavaThread "http-nio-8080-exec-8" daemon [_thread_blocked, id=15084, stack(0x000000001dee0000,0x000000001dfe0000)]
  0x0000000019f26800 JavaThread "http-nio-8080-exec-7" daemon [_thread_blocked, id=13080, stack(0x000000001dde0000,0x000000001dee0000)]
  0x0000000019f29800 JavaThread "http-nio-8080-exec-6" daemon [_thread_blocked, id=12460, stack(0x000000001dce0000,0x000000001dde0000)]
  0x0000000019f27800 JavaThread "http-nio-8080-exec-5" daemon [_thread_blocked, id=10996, stack(0x000000001dbe0000,0x000000001dce0000)]
  0x0000000019f24800 JavaThread "http-nio-8080-exec-4" daemon [_thread_blocked, id=14052, stack(0x000000001dae0000,0x000000001dbe0000)]
  0x0000000019f25000 JavaThread "http-nio-8080-exec-3" daemon [_thread_blocked, id=11984, stack(0x000000001d9e0000,0x000000001dae0000)]
  0x0000000019f2a800 JavaThread "http-nio-8080-exec-2" daemon [_thread_blocked, id=5612, stack(0x000000001d8e0000,0x000000001d9e0000)]
  0x0000000019f26000 JavaThread "http-nio-8080-exec-1" daemon [_thread_blocked, id=11304, stack(0x000000001d7e0000,0x000000001d8e0000)]
  0x0000000019f28000 JavaThread "http-nio-8080-BlockPoller" daemon [_thread_in_native, id=5100, stack(0x000000001ba10000,0x000000001bb10000)]
  0x0000000019ba8800 JavaThread "HikariPool-1 housekeeper" daemon [_thread_blocked, id=1876, stack(0x000000001b910000,0x000000001ba10000)]
  0x0000000019ba8000 JavaThread "PostgreSQL-JDBC-SharedTimer-1" daemon [_thread_blocked, id=10608, stack(0x000000001b610000,0x000000001b710000)]
  0x0000000019944800 JavaThread "container-0" [_thread_blocked, id=15532, stack(0x000000001ae10000,0x000000001af10000)]
  0x0000000019943800 JavaThread "Catalina-utility-2" [_thread_blocked, id=15068, stack(0x000000001ad10000,0x000000001ae10000)]
  0x00000000199f0800 JavaThread "Catalina-utility-1" [_thread_blocked, id=12500, stack(0x0000000018c40000,0x0000000018d40000)]
  0x0000000017f89000 JavaThread "RMI TCP Accept-0" daemon [_thread_in_native, id=11364, stack(0x0000000018700000,0x0000000018800000)]
  0x0000000017f80800 JavaThread "RMI TCP Accept-51884" daemon [_thread_in_native, id=7088, stack(0x0000000018600000,0x0000000018700000)]
  0x0000000017f6e800 JavaThread "RMI TCP Accept-0" daemon [_thread_in_native, id=13288, stack(0x0000000018500000,0x0000000018600000)]
  0x0000000017631000 JavaThread "Service Thread" daemon [_thread_blocked, id=16272, stack(0x0000000017c00000,0x0000000017d00000)]
  0x000000001762a000 JavaThread "C1 CompilerThread2" daemon [_thread_blocked, id=16100, stack(0x0000000017b00000,0x0000000017c00000)]
  0x00000000158bd800 JavaThread "C2 CompilerThread1" daemon [_thread_blocked, id=14452, stack(0x0000000017a00000,0x0000000017b00000)]
  0x0000000015895000 JavaThread "C2 CompilerThread0" daemon [_thread_blocked, id=6744, stack(0x0000000017500000,0x0000000017600000)]
  0x0000000015887000 JavaThread "JDWP Command Reader" daemon [_thread_in_native, id=10140, stack(0x0000000017400000,0x0000000017500000)]
  0x0000000015884000 JavaThread "JDWP Event Helper Thread" daemon [_thread_blocked, id=1192, stack(0x0000000017300000,0x0000000017400000)]
  0x0000000015878800 JavaThread "JDWP Transport Listener: dt_socket" daemon [_thread_blocked, id=15396, stack(0x0000000017200000,0x0000000017300000)]
  0x000000001586e800 JavaThread "Attach Listener" daemon [_thread_blocked, id=3248, stack(0x0000000016dc0000,0x0000000016ec0000)]
  0x000000001586d800 JavaThread "Signal Dispatcher" daemon [_thread_blocked, id=15488, stack(0x0000000016cc0000,0x0000000016dc0000)]
  0x000000000327b000 JavaThread "Finalizer" daemon [_thread_blocked, id=12248, stack(0x0000000016ac0000,0x0000000016bc0000)]
  0x000000001584a000 JavaThread "Reference Handler" daemon [_thread_blocked, id=10212, stack(0x00000000169c0000,0x0000000016ac0000)]

Other Threads:
=>0x0000000015827800 VMThread [stack: 0x00000000168c0000,0x00000000169c0000] [id=11428]
  0x0000000017f8a000 WatcherThread [stack: 0x0000000018800000,0x0000000018900000] [id=7772]

VM state:at safepoint (normal execution)

VM Mutex/Monitor currently owned by a thread:  ([mutex/lock_event])
[0x00000000031830d0] Threads_lock - owner thread: 0x0000000015827800

OutOfMemory and StackOverflow Exception counts:
StackOverflowErrors=7270

heap address: 0x00000000c1a00000, size: 998 MB, Compressed Oops mode: 32-bit
Narrow klass base: 0x0000000000000000, Narrow klass shift: 3
Compressed class space size: 1073741824 Address: 0x0000000100000000

Heap:
 PSYoungGen      total 236544K, used 125675K [0x00000000eb380000, 0x00000000fb000000, 0x0000000100000000)
  eden space 228352K, 55% used [0x00000000eb380000,0x00000000f2e3ada8,0x00000000f9280000)
  from space 8192K, 0% used [0x00000000fa800000,0x00000000fa800000,0x00000000fb000000)
  to   space 14848K, 0% used [0x00000000f9300000,0x00000000f9300000,0x00000000fa180000)
 ParOldGen       total 64000K, used 24393K [0x00000000c1a00000, 0x00000000c5880000, 0x00000000eb380000)
  object space 64000K, 38% used [0x00000000c1a00000,0x00000000c31d25d0,0x00000000c5880000)
 Metaspace       used 56245K, capacity 59244K, committed 59392K, reserved 1099776K
  class space    used 7903K, capacity 8423K, committed 8448K, reserved 1048576K

Card table byte_map: [0x0000000012640000,0x0000000012840000] byte_map_base: 0x0000000012033000

Marking Bits: (ParMarkBitMap*) 0x000000006bcc5ce0
 Begin Bits: [0x0000000012d90000, 0x0000000013d28000)
 End Bits:   [0x0000000013d28000, 0x0000000014cc0000)

Polling page: 0x0000000002f20000

CodeCache: size=245760Kb used=9050Kb max_used=9050Kb free=236709Kb
 bounds [0x0000000003280000, 0x0000000003b60000, 0x0000000012280000]
 total_blobs=5219 nmethods=4682 adapters=457
 compilation: enabled

Compilation events (10 events):
Event: 97.794 Thread 0x000000001762a000 4759       1       org.apache.catalina.util.LifecycleBase::getState (5 bytes)
Event: 97.795 Thread 0x000000001762a000 nmethod 4759 0x0000000003b56b10 code [0x0000000003b56c60, 0x0000000003b56d70]
Event: 98.375 Thread 0x000000001762a000 4761       1       java.util.concurrent.locks.AbstractQueuedSynchronizer$ConditionObject::addConditionWaiter (64 bytes)
Event: 98.375 Thread 0x000000001762a000 nmethod 4761 0x0000000003b56dd0 code [0x0000000003b56f40, 0x0000000003b571a8]
Event: 98.376 Thread 0x000000001762a000 4762       1       java.util.concurrent.locks.AbstractQueuedSynchronizer$Node::<init> (15 bytes)
Event: 98.376 Thread 0x000000001762a000 nmethod 4762 0x0000000003b572d0 code [0x0000000003b57420, 0x0000000003b57550]
Event: 98.376 Thread 0x000000001762a000 4763   !   1       java.util.concurrent.locks.AbstractQueuedSynchronizer::fullyRelease (54 bytes)
Event: 98.376 Thread 0x000000001762a000 nmethod 4763 0x0000000003b575d0 code [0x0000000003b57760, 0x0000000003b57a48]
Event: 100.367 Thread 0x000000001762a000 4764       1       java.util.concurrent.ThreadPoolExecutor::getQueue (5 bytes)
Event: 100.368 Thread 0x000000001762a000 nmethod 4764 0x0000000003b57d10 code [0x0000000003b57e60, 0x0000000003b57f70]

GC Heap History (10 events):
Event: 8.323 GC heap before
{Heap before GC invocations=11 (full 1):
 PSYoungGen      total 136192K, used 20970K [0x00000000eb380000, 0x00000000f6b80000, 0x0000000100000000)
  eden space 128512K, 10% used [0x00000000eb380000,0x00000000ec07b290,0x00000000f3100000)
  from space 7680K, 99% used [0x00000000f3100000,0x00000000f387f8c0,0x00000000f3880000)
  to   space 10752K, 0% used [0x00000000f6100000,0x00000000f6100000,0x00000000f6b80000)
 ParOldGen       total 28672K, used 10602K [0x00000000c1a00000, 0x00000000c3600000, 0x00000000eb380000)
  object space 28672K, 36% used [0x00000000c1a00000,0x00000000c245abb8,0x00000000c3600000)
 Metaspace       used 33656K, capacity 35378K, committed 35496K, reserved 1079296K
  class space    used 4735K, capacity 5090K, committed 5120K, reserved 1048576K
Event: 8.336 GC heap after
Heap after GC invocations=11 (full 1):
 PSYoungGen      total 178176K, used 5638K [0x00000000eb380000, 0x00000000f7b00000, 0x0000000100000000)
  eden space 167424K, 0% used [0x00000000eb380000,0x00000000eb380000,0x00000000f5700000)
  from space 10752K, 52% used [0x00000000f6100000,0x00000000f6681aa0,0x00000000f6b80000)
  to   space 10240K, 0% used [0x00000000f5700000,0x00000000f5700000,0x00000000f6100000)
 ParOldGen       total 28672K, used 12854K [0x00000000c1a00000, 0x00000000c3600000, 0x00000000eb380000)
  object space 28672K, 44% used [0x00000000c1a00000,0x00000000c268dbd8,0x00000000c3600000)
 Metaspace       used 33656K, capacity 35378K, committed 35496K, reserved 1079296K
  class space    used 4735K, capacity 5090K, committed 5120K, reserved 1048576K
}
Event: 8.336 GC heap before
{Heap before GC invocations=12 (full 2):
 PSYoungGen      total 178176K, used 5638K [0x00000000eb380000, 0x00000000f7b00000, 0x0000000100000000)
  eden space 167424K, 0% used [0x00000000eb380000,0x00000000eb380000,0x00000000f5700000)
  from space 10752K, 52% used [0x00000000f6100000,0x00000000f6681aa0,0x00000000f6b80000)
  to   space 10240K, 0% used [0x00000000f5700000,0x00000000f5700000,0x00000000f6100000)
 ParOldGen       total 28672K, used 12854K [0x00000000c1a00000, 0x00000000c3600000, 0x00000000eb380000)
  object space 28672K, 44% used [0x00000000c1a00000,0x00000000c268dbd8,0x00000000c3600000)
 Metaspace       used 33656K, capacity 35378K, committed 35496K, reserved 1079296K
  class space    used 4735K, capacity 5090K, committed 5120K, reserved 1048576K
Event: 8.426 GC heap after
Heap after GC invocations=12 (full 2):
 PSYoungGen      total 178176K, used 0K [0x00000000eb380000, 0x00000000f7b00000, 0x0000000100000000)
  eden space 167424K, 0% used [0x00000000eb380000,0x00000000eb380000,0x00000000f5700000)
  from space 10752K, 0% used [0x00000000f6100000,0x00000000f6100000,0x00000000f6b80000)
  to   space 10240K, 0% used [0x00000000f5700000,0x00000000f5700000,0x00000000f6100000)
 ParOldGen       total 42496K, used 12741K [0x00000000c1a00000, 0x00000000c4380000, 0x00000000eb380000)
  object space 42496K, 29% used [0x00000000c1a00000,0x00000000c2671700,0x00000000c4380000)
 Metaspace       used 33656K, capacity 35378K, committed 35496K, reserved 1079296K
  class space    used 4735K, capacity 5090K, committed 5120K, reserved 1048576K
}
Event: 16.220 GC heap before
{Heap before GC invocations=13 (full 2):
 PSYoungGen      total 178176K, used 167424K [0x00000000eb380000, 0x00000000f7b00000, 0x0000000100000000)
  eden space 167424K, 100% used [0x00000000eb380000,0x00000000f5700000,0x00000000f5700000)
  from space 10752K, 0% used [0x00000000f6100000,0x00000000f6100000,0x00000000f6b80000)
  to   space 10240K, 0% used [0x00000000f5700000,0x00000000f5700000,0x00000000f6100000)
 ParOldGen       total 42496K, used 12741K [0x00000000c1a00000, 0x00000000c4380000, 0x00000000eb380000)
  object space 42496K, 29% used [0x00000000c1a00000,0x00000000c2671700,0x00000000c4380000)
 Metaspace       used 49603K, capacity 52082K, committed 52352K, reserved 1093632K
  class space    used 7016K, capacity 7466K, committed 7552K, reserved 1048576K
Event: 16.261 GC heap after
Heap after GC invocations=13 (full 2):
 PSYoungGen      total 177664K, used 10210K [0x00000000eb380000, 0x00000000fb700000, 0x0000000100000000)
  eden space 167424K, 0% used [0x00000000eb380000,0x00000000eb380000,0x00000000f5700000)
  from space 10240K, 99% used [0x00000000f5700000,0x00000000f60f8b98,0x00000000f6100000)
  to   space 15360K, 0% used [0x00000000fa800000,0x00000000fa800000,0x00000000fb700000)
 ParOldGen       total 42496K, used 22633K [0x00000000c1a00000, 0x00000000c4380000, 0x00000000eb380000)
  object space 42496K, 53% used [0x00000000c1a00000,0x00000000c301a780,0x00000000c4380000)
 Metaspace       used 49603K, capacity 52082K, committed 52352K, reserved 1093632K
  class space    used 7016K, capacity 7466K, committed 7552K, reserved 1048576K
}
Event: 50.053 GC heap before
{Heap before GC invocations=14 (full 2):
 PSYoungGen      total 177664K, used 85443K [0x00000000eb380000, 0x00000000fb700000, 0x0000000100000000)
  eden space 167424K, 44% used [0x00000000eb380000,0x00000000efcf8238,0x00000000f5700000)
  from space 10240K, 99% used [0x00000000f5700000,0x00000000f60f8b98,0x00000000f6100000)
  to   space 15360K, 0% used [0x00000000fa800000,0x00000000fa800000,0x00000000fb700000)
 ParOldGen       total 42496K, used 22633K [0x00000000c1a00000, 0x00000000c4380000, 0x00000000eb380000)
  object space 42496K, 53% used [0x00000000c1a00000,0x00000000c301a780,0x00000000c4380000)
 Metaspace       used 56121K, capacity 59020K, committed 59136K, reserved 1099776K
  class space    used 7870K, capacity 8369K, committed 8448K, reserved 1048576K
Event: 50.082 GC heap after
Heap after GC invocations=14 (full 2):
 PSYoungGen      total 236544K, used 8058K [0x00000000eb380000, 0x00000000fb000000, 0x0000000100000000)
  eden space 228352K, 0% used [0x00000000eb380000,0x00000000eb380000,0x00000000f9280000)
  from space 8192K, 98% used [0x00000000fa800000,0x00000000fafdead8,0x00000000fb000000)
  to   space 14848K, 0% used [0x00000000f9300000,0x00000000f9300000,0x00000000fa180000)
 ParOldGen       total 42496K, used 29660K [0x00000000c1a00000, 0x00000000c4380000, 0x00000000eb380000)
  object space 42496K, 69% used [0x00000000c1a00000,0x00000000c36f7170,0x00000000c4380000)
 Metaspace       used 56121K, capacity 59020K, committed 59136K, reserved 1099776K
  class space    used 7870K, capacity 8369K, committed 8448K, reserved 1048576K
}
Event: 50.082 GC heap before
{Heap before GC invocations=15 (full 3):
 PSYoungGen      total 236544K, used 8058K [0x00000000eb380000, 0x00000000fb000000, 0x0000000100000000)
  eden space 228352K, 0% used [0x00000000eb380000,0x00000000eb380000,0x00000000f9280000)
  from space 8192K, 98% used [0x00000000fa800000,0x00000000fafdead8,0x00000000fb000000)
  to   space 14848K, 0% used [0x00000000f9300000,0x00000000f9300000,0x00000000fa180000)
 ParOldGen       total 42496K, used 29660K [0x00000000c1a00000, 0x00000000c4380000, 0x00000000eb380000)
  object space 42496K, 69% used [0x00000000c1a00000,0x00000000c36f7170,0x00000000c4380000)
 Metaspace       used 56121K, capacity 59020K, committed 59136K, reserved 1099776K
  class space    used 7870K, capacity 8369K, committed 8448K, reserved 1048576K
Event: 50.385 GC heap after
Heap after GC invocations=15 (full 3):
 PSYoungGen      total 236544K, used 0K [0x00000000eb380000, 0x00000000fb000000, 0x0000000100000000)
  eden space 228352K, 0% used [0x00000000eb380000,0x00000000eb380000,0x00000000f9280000)
  from space 8192K, 0% used [0x00000000fa800000,0x00000000fa800000,0x00000000fb000000)
  to   space 14848K, 0% used [0x00000000f9300000,0x00000000f9300000,0x00000000fa180000)
 ParOldGen       total 64000K, used 24393K [0x00000000c1a00000, 0x00000000c5880000, 0x00000000eb380000)
  object space 64000K, 38% used [0x00000000c1a00000,0x00000000c31d25d0,0x00000000c5880000)
 Metaspace       used 56121K, capacity 59020K, committed 59136K, reserved 1099776K
  class space    used 7870K, capacity 8369K, committed 8448K, reserved 1048576K
}

Deoptimization events (0 events):
No events

Classes redefined (0 events):
No events

Internal exceptions (10 events):
Event: 51.920 Thread 0x0000000019f2a800 Exception <a 'java/lang/StackOverflowError'> (0x00000000f277fa18) thrown at [C:\re\workspace\8-2-build-windows-amd64-cygwin\jdk8u221\13320\hotspot\src\share\vm\runtime\sharedRuntime.cpp, line 605]
Event: 51.920 Thread 0x0000000019f2a800 Exception <a 'java/lang/StackOverflowError'> (0x00000000f277fa18) thrown at [C:\re\workspace\8-2-build-windows-amd64-cygwin\jdk8u221\13320\hotspot\src\share\vm\prims\jvm.cpp, line 1506]
Event: 51.924 Thread 0x0000000019f2a800 Exception <a 'java/lang/StackOverflowError'> (0x00000000f27952e8) thrown at [C:\re\workspace\8-2-build-windows-amd64-cygwin\jdk8u221\13320\hotspot\src\share\vm\runtime\javaCalls.cpp, line 386]
Event: 51.924 Thread 0x0000000019f2a800 Exception <a 'java/lang/StackOverflowError'> (0x00000000f27952e8) thrown at [C:\re\workspace\8-2-build-windows-amd64-cygwin\jdk8u221\13320\hotspot\src\share\vm\classfile\systemDictionary.cpp, line 1550]
Event: 51.925 Thread 0x0000000019f2a800 Exception <a 'java/lang/StackOverflowError'> (0x00000000f27952e8) thrown at [C:\re\workspace\8-2-build-windows-amd64-cygwin\jdk8u221\13320\hotspot\src\share\vm\prims\jvm.cpp, line 1506]
Event: 51.928 Thread 0x0000000019f2a800 Exception <a 'java/lang/StackOverflowError'> (0x00000000f27aabb8) thrown at [C:\re\workspace\8-2-build-windows-amd64-cygwin\jdk8u221\13320\hotspot\src\share\vm\runtime\javaCalls.cpp, line 386]
Event: 51.928 Thread 0x0000000019f2a800 Exception <a 'java/lang/StackOverflowError'> (0x00000000f27aabb8) thrown at [C:\re\workspace\8-2-build-windows-amd64-cygwin\jdk8u221\13320\hotspot\src\share\vm\classfile\systemDictionary.cpp, line 1550]
Event: 51.929 Thread 0x0000000019f2a800 Exception <a 'java/lang/StackOverflowError'> (0x00000000f27aabb8) thrown at [C:\re\workspace\8-2-build-windows-amd64-cygwin\jdk8u221\13320\hotspot\src\share\vm\prims\jvm.cpp, line 1506]
Event: 52.128 Thread 0x0000000019f2a800 Exception <a 'java/lang/ArrayIndexOutOfBoundsException'> (0x00000000f2806d20) thrown at [C:\re\workspace\8-2-build-windows-amd64-cygwin\jdk8u221\13320\hotspot\src\share\vm\runtime\sharedRuntime.cpp, line 605]
Event: 52.131 Thread 0x0000000019f2a800 Exception <a 'java/lang/ArrayIndexOutOfBoundsException'> (0x00000000f2827b28) thrown at [C:\re\workspace\8-2-build-windows-amd64-cygwin\jdk8u221\13320\hotspot\src\share\vm\runtime\sharedRuntime.cpp, line 605]

Events (10 events):
Event: 64.252 Thread 0x000000001762a000 flushing nmethod 0x0000000003743250
Event: 64.672 Thread 0x000000001762a000 flushing nmethod 0x00000000037d4750
Event: 64.672 Thread 0x000000001762a000 flushing nmethod 0x00000000037d4f90
Event: 64.673 Thread 0x000000001762a000 flushing nmethod 0x00000000037f8150
Event: 64.673 Thread 0x000000001762a000 flushing nmethod 0x000000000383ad50
Event: 67.721 Thread 0x000000001762a000 flushing nmethod 0x0000000003843e50
Event: 67.721 Thread 0x000000001762a000 flushing nmethod 0x00000000038453d0
Event: 67.721 Thread 0x000000001762a000 flushing nmethod 0x0000000003846290
Event: 77.525 Thread 0x000000001762a000 flushing nmethod 0x0000000003a59a50
Event: 102.605 Executing VM operation: RedefineClasses


Dynamic libraries:
0x00007ff7e4d40000 - 0x00007ff7e4d77000 	C:\Program Files\Java\jdk1.8.0_221\bin\javaw.exe
0x00007ffece940000 - 0x00007ffeceb30000 	C:\WINDOWS\SYSTEM32\ntdll.dll
0x00007ffecdfa0000 - 0x00007ffece052000 	C:\WINDOWS\System32\KERNEL32.DLL
0x00007ffecbb10000 - 0x00007ffecbdb3000 	C:\WINDOWS\System32\KERNELBASE.dll
0x00007ffeccd10000 - 0x00007ffeccdb3000 	C:\WINDOWS\System32\ADVAPI32.dll
0x00007ffece830000 - 0x00007ffece8ce000 	C:\WINDOWS\System32\msvcrt.dll
0x00007ffece3e0000 - 0x00007ffece477000 	C:\WINDOWS\System32\sechost.dll
0x00007ffecc9f0000 - 0x00007ffeccb10000 	C:\WINDOWS\System32\RPCRT4.dll
0x00007ffeccb10000 - 0x00007ffeccca4000 	C:\WINDOWS\System32\USER32.dll
0x00007ffecc920000 - 0x00007ffecc941000 	C:\WINDOWS\System32\win32u.dll
0x00007ffece0d0000 - 0x00007ffece0f6000 	C:\WINDOWS\System32\GDI32.dll
0x00007ffecc650000 - 0x00007ffecc7e4000 	C:\WINDOWS\System32\gdi32full.dll
0x00007ffecc950000 - 0x00007ffecc9ee000 	C:\WINDOWS\System32\msvcp_win.dll
0x00007ffecc7f0000 - 0x00007ffecc8ea000 	C:\WINDOWS\System32\ucrtbase.dll
0x00007ffebcf60000 - 0x00007ffebd1e5000 	C:\WINDOWS\WinSxS\amd64_microsoft.windows.common-controls_6595b64144ccf1df_6.0.18362.418_none_e6c6b287130d565d\COMCTL32.dll
0x00007ffece480000 - 0x00007ffece7b6000 	C:\WINDOWS\System32\combase.dll
0x00007ffecba90000 - 0x00007ffecbb10000 	C:\WINDOWS\System32\bcryptPrimitives.dll
0x00007ffece8d0000 - 0x00007ffece8fe000 	C:\WINDOWS\System32\IMM32.DLL
0x000000006aa30000 - 0x000000006ab02000 	C:\Program Files\Java\jdk1.8.0_221\jre\bin\msvcr100.dll
0x000000006b4a0000 - 0x000000006bd45000 	C:\Program Files\Java\jdk1.8.0_221\jre\bin\server\jvm.dll
0x00007ffecd6e0000 - 0x00007ffecd6e8000 	C:\WINDOWS\System32\PSAPI.DLL
0x00007ffebecc0000 - 0x00007ffebecca000 	C:\WINDOWS\SYSTEM32\VERSION.dll
0x00007ffeb79e0000 - 0x00007ffeb79e9000 	C:\WINDOWS\SYSTEM32\WSOCK32.dll
0x00007ffec9410000 - 0x00007ffec9434000 	C:\WINDOWS\SYSTEM32\WINMM.dll
0x00007ffecd6f0000 - 0x00007ffecd75f000 	C:\WINDOWS\System32\WS2_32.dll
0x00007ffec93e0000 - 0x00007ffec940d000 	C:\WINDOWS\SYSTEM32\WINMMBASE.dll
0x00007ffecb8d0000 - 0x00007ffecb91a000 	C:\WINDOWS\System32\cfgmgr32.dll
0x00007ffec56d0000 - 0x00007ffec56df000 	C:\Program Files\Java\jdk1.8.0_221\jre\bin\verify.dll
0x00007ffebaf60000 - 0x00007ffebaf89000 	C:\Program Files\Java\jdk1.8.0_221\jre\bin\java.dll
0x00007ffec4290000 - 0x00007ffec42c5000 	C:\Program Files\Java\jdk1.8.0_221\jre\bin\jdwp.dll
0x00007ffec56c0000 - 0x00007ffec56c8000 	C:\Program Files\Java\jdk1.8.0_221\jre\bin\npt.dll
0x00007ffebae90000 - 0x00007ffebaea6000 	C:\Program Files\Java\jdk1.8.0_221\jre\bin\zip.dll
0x00007ffeccf40000 - 0x00007ffecd625000 	C:\WINDOWS\System32\SHELL32.dll
0x00007ffeccdc0000 - 0x00007ffecce69000 	C:\WINDOWS\System32\shcore.dll
0x00007ffecbe70000 - 0x00007ffecc5ef000 	C:\WINDOWS\System32\windows.storage.dll
0x00007ffecb890000 - 0x00007ffecb8af000 	C:\WINDOWS\System32\profapi.dll
0x00007ffecb840000 - 0x00007ffecb88a000 	C:\WINDOWS\System32\powrprof.dll
0x00007ffecb810000 - 0x00007ffecb820000 	C:\WINDOWS\System32\UMPDC.dll
0x00007ffecdc50000 - 0x00007ffecdca2000 	C:\WINDOWS\System32\shlwapi.dll
0x00007ffecb820000 - 0x00007ffecb831000 	C:\WINDOWS\System32\kernel.appcore.dll
0x00007ffecb920000 - 0x00007ffecb937000 	C:\WINDOWS\System32\cryptsp.dll
0x00007ffec45d0000 - 0x00007ffec45d9000 	C:\Program Files\Java\jdk1.8.0_221\jre\bin\dt_socket.dll
0x00007ffeb14f0000 - 0x00007ffeb1506000 	C:\WINDOWS\system32\napinsp.dll
0x00007ffeb14d0000 - 0x00007ffeb14ea000 	C:\WINDOWS\system32\pnrpnsp.dll
0x00007ffecb080000 - 0x00007ffecb0e7000 	C:\WINDOWS\System32\mswsock.dll
0x00007ffecadd0000 - 0x00007ffecae9a000 	C:\WINDOWS\SYSTEM32\DNSAPI.dll
0x00007ffece100000 - 0x00007ffece108000 	C:\WINDOWS\System32\NSI.dll
0x00007ffecad90000 - 0x00007ffecadca000 	C:\WINDOWS\SYSTEM32\IPHLPAPI.DLL
0x00007ffeb3b70000 - 0x00007ffeb3b7e000 	C:\WINDOWS\System32\winrnr.dll
0x00007ffec8320000 - 0x00007ffec833c000 	C:\WINDOWS\system32\NLAapi.dll
0x00007ffec4bc0000 - 0x00007ffec4bd5000 	C:\WINDOWS\system32\wshbth.dll
0x00007ffebf850000 - 0x00007ffebf8c7000 	C:\WINDOWS\System32\fwpuclnt.dll
0x00007ffecc8f0000 - 0x00007ffecc916000 	C:\WINDOWS\System32\bcrypt.dll
0x00007ffebb7f0000 - 0x00007ffebb7fa000 	C:\Windows\System32\rasadhlp.dll
0x00007ffec45c0000 - 0x00007ffec45cd000 	C:\Program Files\Java\jdk1.8.0_221\jre\bin\management.dll
0x00007ffebade0000 - 0x00007ffebadfa000 	C:\Program Files\Java\jdk1.8.0_221\jre\bin\net.dll
0x00007ffebc5b0000 - 0x00007ffebc786000 	C:\WINDOWS\SYSTEM32\urlmon.dll
0x00007ffebca30000 - 0x00007ffebccd6000 	C:\WINDOWS\SYSTEM32\iertutil.dll
0x00007ffecb250000 - 0x00007ffecb25c000 	C:\WINDOWS\SYSTEM32\CRYPTBASE.DLL
0x00007ffeaec60000 - 0x00007ffeaec72000 	C:\Program Files\Java\jdk1.8.0_221\jre\bin\nio.dll
0x00007ffecab90000 - 0x00007ffecabc3000 	C:\WINDOWS\system32\rsaenh.dll
0x00007ffecb700000 - 0x00007ffecb725000 	C:\WINDOWS\SYSTEM32\USERENV.dll
0x00007ffebf930000 - 0x00007ffebf946000 	C:\WINDOWS\SYSTEM32\dhcpcsvc6.DLL
0x00007ffebfa00000 - 0x00007ffebfa1c000 	C:\WINDOWS\SYSTEM32\dhcpcsvc.DLL
0x00007ffea1110000 - 0x00007ffea1134000 	C:\Program Files\Java\jdk1.8.0_221\jre\bin\sunec.dll
0x00007ffeb52b0000 - 0x00007ffeb54a4000 	C:\WINDOWS\SYSTEM32\dbghelp.dll

VM Arguments:
jvm_args: -agentlib:jdwp=transport=dt_socket,suspend=y,address=localhost:51885 -Dcom.sun.management.jmxremote -Dcom.sun.management.jmxremote.port=51884 -Dcom.sun.management.jmxremote.authenticate=false -Dcom.sun.management.jmxremote.ssl=false -Djava.rmi.server.hostname=localhost -Dspring.jmx.enabled=true -Dspring.application.admin.enabled=true -Xverify:none -XX:TieredStopAtLevel=1 -Dspring.boot.project.name=DreamAppMicroservice -Dfile.encoding=UTF-8 
java_command: com.dream.app.DreamAppMicroserviceApplication
java_class_path (initial): F:\myprojects\git\DreamAppMicroservice\target\classes;C:\Users\dell\.m2\repository\org\springframework\boot\spring-boot-starter-data-jpa\2.2.0.RELEASE\spring-boot-starter-data-jpa-2.2.0.RELEASE.jar;C:\Users\dell\.m2\repository\org\springframework\boot\spring-boot-starter-aop\2.2.0.RELEASE\spring-boot-starter-aop-2.2.0.RELEASE.jar;C:\Users\dell\.m2\repository\org\aspectj\aspectjweaver\1.9.4\aspectjweaver-1.9.4.jar;C:\Users\dell\.m2\repository\org\springframework\boot\spring-boot-starter-jdbc\2.2.0.RELEASE\spring-boot-starter-jdbc-2.2.0.RELEASE.jar;C:\Users\dell\.m2\repository\com\zaxxer\HikariCP\3.4.1\HikariCP-3.4.1.jar;C:\Users\dell\.m2\repository\org\springframework\spring-jdbc\5.2.0.RELEASE\spring-jdbc-5.2.0.RELEASE.jar;C:\Users\dell\.m2\repository\jakarta\activation\jakarta.activation-api\1.2.1\jakarta.activation-api-1.2.1.jar;C:\Users\dell\.m2\repository\jakarta\persistence\jakarta.persistence-api\2.2.3\jakarta.persistence-api-2.2.3.jar;C:\Users\dell\.m2\repository\jakarta\transaction\jakarta.transaction-api\1.3.3\jakarta.transaction-api-1.3.3.jar;C:\Users\dell\.m2\repository\org\hibernate\hibernate-core\5.4.6.Final\hibernate-core-5.4.6.Final.jar;C:\Users\dell\.m2\repository\org\jboss\logging\jboss-logging\3.4.1.Final\jboss-logging-3.4.1.Final.jar;C:\Users\dell\.m2\repository\org\javassist\javassist\3.24.0-GA\javassist-3.24.0-GA.jar;C:\Users\dell\.m2\repository\net\bytebuddy\byte-buddy\1.10.1\byte-buddy-1.10.1.jar;C:\Users\dell\.m2\repository\antlr\antlr\2.7.7\antlr-2.7.7.jar;C:\Users\dell\.m2\repository\org\jboss\jandex\2.0.5.Final\jandex-2.0.5.Final.jar;C:\Users\dell\.m2\repository\com\fasterxml\classmate\1.5.0\classmate-1.5.0.jar;C:\Users\dell\.m2\repository\org\dom4j\dom4j\2.1.1\dom4j-2.1.1.jar;C:\Users\dell\.m2\repository\org\hibernate\common\hibernate-commons-annotations\5.1.0.Final\hibernate-commons-annotations-5.1.0.Final.jar;C:\Users\dell\.m2\repository\org\glassfish\jaxb\jaxb-runtime\2.3.2\jaxb-runtime-2.3.2.jar;C:\Users\de
Launcher Type: SUN_STANDARD

Environment Variables:
JAVA_HOME=C:\Program Files\Java\jdk1.8.0_221\
PATH=C:\Program Files\Java\jdk1.8.0_221\jre\bin;C:/Program Files/Java/jdk1.8.0_221/bin/../jre/bin/server;C:/Program Files/Java/jdk1.8.0_221/bin/../jre/bin;C:/Program Files/Java/jdk1.8.0_221/bin/../jre/lib/amd64;C:\Program Files\Java\jdk1.8.0_221\bin;C:\WINDOWS\system32;C:\WINDOWS;C:\WINDOWS\System32\Wbem;C:\WINDOWS\System32\WindowsPowerShell\v1.0\;C:\WINDOWS\System32\OpenSSH\;C:\PostgreSQL\pg11\bin;C:\PostgreSQL\pg11\lib;C:\Users\dell\AppData\Local\Microsoft\WindowsApps;C:\Users\dell\AppData\Roaming\npm;C:\Program Files\Java\jdk1.8.0_221\bin;;F:\myprojects\java\eclipse-jee-2019-06-R-win32-x86_64\eclipse;
USERNAME=dell
OS=Windows_NT
PROCESSOR_IDENTIFIER=Intel64 Family 6 Model 78 Stepping 3, GenuineIntel



---------------  S Y S T E M  ---------------

OS: Windows 10.0 , 64 bit Build 18362 (10.0.18362.329)

CPU:total 4 (initial active 4) (2 cores per cpu, 2 threads per core) family 6 model 78 stepping 3, cmov, cx8, fxsr, mmx, sse, sse2, sse3, ssse3, sse4.1, sse4.2, popcnt, avx, avx2, aes, clmul, erms, rtm, 3dnowpref, lzcnt, ht, tsc, tscinvbit, bmi1, bmi2, adx

Memory: 4k page, physical 4085764k(386512k free), swap 8712808k(1816360k free)

vm_info: Java HotSpot(TM) 64-Bit Server VM (25.221-b11) for windows-amd64 JRE (1.8.0_221-b11), built on Jul  4 2019 04:39:29 by "java_re" with MS VC++ 10.0 (VS2010)

time: Fri Nov 08 12:07:59 2019
timezone: India Standard Time
elapsed time: 102 seconds (0d 0h 1m 42s)

